#
# There is insufficient memory for the Java Runtime Environment to continue.
# Native memory allocation (malloc) failed to allocate 2106384 bytes. Error detail: Chunk::new
# Possible reasons:
#   The system is out of physical RAM or swap space
#   This process is running with CompressedOops enabled, and the Java Heap may be blocking the growth of the native heap
# Possible solutions:
#   Reduce memory load on the system
#   Increase physical memory or swap space
#   Check if swap backing store is full
#   Decrease Java heap size (-Xmx/-Xms)
#   Decrease number of Java threads
#   Decrease Java thread stack sizes (-Xss)
#   Set larger code cache with -XX:ReservedCodeCacheSize=
#   JVM is running with Unscaled Compressed Oops mode in which the Java heap is
#     placed in the first 4GB address space. The Java Heap base address is the
#     maximum limit for the native heap growth. Please use -XX:HeapBaseMinAddress
#     to set the Java Heap base and to place the Java Heap above 4GB virtual address.
# This output file may be truncated or incomplete.
#
#  Out of Memory Error (arena.cpp:168), pid=23340, tid=10112
#
# JRE version: OpenJDK Runtime Environment Temurin-21.0.6+7 (21.0.6+7) (build 21.0.6+7-LTS)
# Java VM: OpenJDK 64-Bit Server VM Temurin-21.0.6+7 (21.0.6+7-LTS, mixed mode, sharing, tiered, compressed oops, compressed class ptrs, g1 gc, windows-amd64)
# No core dump will be written. Minidumps are not enabled by default on client versions of Windows
#

---------------  S U M M A R Y ------------

Command Line: -Dcom.sun.management.jmxremote -Dcom.sun.management.jmxremote.port=55943 -Dcom.sun.management.jmxremote.authenticate=false -Dcom.sun.management.jmxremote.ssl=false -Dspring.jmx.enabled=true -Djava.rmi.server.hostname=localhost -Dspring.application.admin.enabled=true -Dspring.boot.project.name=finer_back-end -XX:+ShowCodeDetailsInExceptionMessages -Dmanagement.endpoints.jmx.exposure.include=* mx.utng.finer_back_end.FinerBackEndApplication

Host: AMD Ryzen 5 7535HS with Radeon Graphics        , 12 cores, 7G,  Windows 11 , 64 bit Build 26100 (10.0.26100.3323)
Time: Tue Mar 25 22:24:47 2025 Hora estándar central (México) elapsed time: 100.730055 seconds (0d 0h 1m 40s)

---------------  T H R E A D  ---------------

Current thread (0x00000212ffd3a8a0):  JavaThread "C2 CompilerThread0" daemon [_thread_in_native, id=10112, stack(0x0000002da5f00000,0x0000002da6000000) (1024K)]


Current CompileTask:
C2:100730 9947       4       java.lang.invoke.MethodType::makeImpl (109 bytes)

Stack: [0x0000002da5f00000,0x0000002da6000000]
Native frames: (J=compiled Java code, j=interpreted, Vv=VM code, C=native code)
V  [jvm.dll+0x6cdee9]
V  [jvm.dll+0x8a83d1]
V  [jvm.dll+0x8aa8fe]
V  [jvm.dll+0x8aafe3]
V  [jvm.dll+0x27f706]
V  [jvm.dll+0xc500d]
V  [jvm.dll+0xc5543]
V  [jvm.dll+0x3b678c]
V  [jvm.dll+0x382935]
V  [jvm.dll+0x381d9a]
V  [jvm.dll+0x2479f0]
V  [jvm.dll+0x246fcf]
V  [jvm.dll+0x1c75ee]
V  [jvm.dll+0x25685a]
V  [jvm.dll+0x254dfa]
V  [jvm.dll+0x3f0256]
V  [jvm.dll+0x851f8b]
V  [jvm.dll+0x6cc5ed]
C  [ucrtbase.dll+0x37b0]
C  [KERNEL32.DLL+0x2e8d7]
C  [ntdll.dll+0xbbf6c]


---------------  P R O C E S S  ---------------

Threads class SMR info:
_java_thread_list=0x00000212c76bb770, length=34, elements={
0x00000212ffd24280, 0x00000212ffd25450, 0x00000212ffd2c520, 0x00000212ffd2cb80,
0x00000212ffd33070, 0x0000021280690830, 0x00000212ffd3a8a0, 0x00000212ffd3cf50,
0x0000021280764eb0, 0x00000212808556f0, 0x00000212c6433b00, 0x00000212c6528490,
0x00000212c65291d0, 0x00000212c8276740, 0x00000212c8275a20, 0x00000212c8273fe0,
0x00000212c8276dd0, 0x00000212c8274d00, 0x00000212c8277460, 0x00000212c6aa3240,
0x00000212c6aa38d0, 0x00000212c6aa3f60, 0x00000212c6aa45f0, 0x00000212c6aa4c80,
0x00000212c6aa1e90, 0x00000212c6aa2bb0, 0x00000212c6aa5310, 0x00000212c6aa59a0,
0x00000212c6aa2520, 0x00000212c6aa66c0, 0x00000212c6aa6030, 0x00000212c6aa73e0,
0x00000212c6aa6d50, 0x00000212c6aa8790
}

Java Threads: ( => current thread )
  0x00000212ffd24280 JavaThread "Reference Handler"          daemon [_thread_blocked, id=32648, stack(0x0000002da5900000,0x0000002da5a00000) (1024K)]
  0x00000212ffd25450 JavaThread "Finalizer"                  daemon [_thread_blocked, id=33784, stack(0x0000002da5a00000,0x0000002da5b00000) (1024K)]
  0x00000212ffd2c520 JavaThread "Signal Dispatcher"          daemon [_thread_blocked, id=11712, stack(0x0000002da5b00000,0x0000002da5c00000) (1024K)]
  0x00000212ffd2cb80 JavaThread "Attach Listener"            daemon [_thread_blocked, id=19124, stack(0x0000002da5c00000,0x0000002da5d00000) (1024K)]
  0x00000212ffd33070 JavaThread "Service Thread"             daemon [_thread_blocked, id=32876, stack(0x0000002da5d00000,0x0000002da5e00000) (1024K)]
  0x0000021280690830 JavaThread "Monitor Deflation Thread"   daemon [_thread_blocked, id=33296, stack(0x0000002da5e00000,0x0000002da5f00000) (1024K)]
=>0x00000212ffd3a8a0 JavaThread "C2 CompilerThread0"         daemon [_thread_in_native, id=10112, stack(0x0000002da5f00000,0x0000002da6000000) (1024K)]
  0x00000212ffd3cf50 JavaThread "C1 CompilerThread0"         daemon [_thread_blocked, id=32232, stack(0x0000002da6000000,0x0000002da6100000) (1024K)]
  0x0000021280764eb0 JavaThread "Common-Cleaner"             daemon [_thread_blocked, id=30972, stack(0x0000002da6100000,0x0000002da6200000) (1024K)]
  0x00000212808556f0 JavaThread "Notification Thread"        daemon [_thread_blocked, id=29556, stack(0x0000002da6200000,0x0000002da6300000) (1024K)]
  0x00000212c6433b00 JavaThread "RMI TCP Accept-0"           daemon [_thread_in_native, id=18532, stack(0x0000002da6400000,0x0000002da6500000) (1024K)]
  0x00000212c6528490 JavaThread "RMI TCP Accept-55943"       daemon [_thread_in_native, id=14532, stack(0x0000002da6500000,0x0000002da6600000) (1024K)]
  0x00000212c65291d0 JavaThread "RMI TCP Accept-0"           daemon [_thread_in_native, id=24124, stack(0x0000002da6600000,0x0000002da6700000) (1024K)]
  0x00000212c8276740 JavaThread "Catalina-utility-1"                [_thread_blocked, id=30676, stack(0x0000002da7200000,0x0000002da7300000) (1024K)]
  0x00000212c8275a20 JavaThread "Catalina-utility-2"                [_thread_blocked, id=32064, stack(0x0000002da7500000,0x0000002da7600000) (1024K)]
  0x00000212c8273fe0 JavaThread "container-0"                       [_thread_blocked, id=31992, stack(0x0000002da7600000,0x0000002da7700000) (1024K)]
  0x00000212c8276dd0 JavaThread "PostgreSQL-JDBC-Cleaner"    daemon [_thread_blocked, id=14660, stack(0x0000002da7800000,0x0000002da7900000) (1024K)]
  0x00000212c8274d00 JavaThread "HikariPool-1 housekeeper"   daemon [_thread_blocked, id=9764, stack(0x0000002da7900000,0x0000002da7a00000) (1024K)]
  0x00000212c8277460 JavaThread "File Watcher"               daemon [_thread_blocked, id=28576, stack(0x0000002da7a00000,0x0000002da7b00000) (1024K)]
  0x00000212c6aa3240 JavaThread "Live Reload Server"         daemon [_thread_in_native, id=33776, stack(0x0000002da7d00000,0x0000002da7e00000) (1024K)]
  0x00000212c6aa38d0 JavaThread "http-nio-8080-exec-1"       daemon [_thread_in_Java, id=19748, stack(0x0000002da7c00000,0x0000002da7d00000) (1024K)]
  0x00000212c6aa3f60 JavaThread "http-nio-8080-exec-2"       daemon [_thread_blocked, id=22104, stack(0x0000002da7e00000,0x0000002da7f00000) (1024K)]
  0x00000212c6aa45f0 JavaThread "http-nio-8080-exec-3"       daemon [_thread_blocked, id=21652, stack(0x0000002da7f00000,0x0000002da8000000) (1024K)]
  0x00000212c6aa4c80 JavaThread "http-nio-8080-exec-4"       daemon [_thread_blocked, id=29824, stack(0x0000002da8000000,0x0000002da8100000) (1024K)]
  0x00000212c6aa1e90 JavaThread "http-nio-8080-exec-5"       daemon [_thread_blocked, id=32736, stack(0x0000002da8100000,0x0000002da8200000) (1024K)]
  0x00000212c6aa2bb0 JavaThread "http-nio-8080-exec-6"       daemon [_thread_blocked, id=12448, stack(0x0000002da8200000,0x0000002da8300000) (1024K)]
  0x00000212c6aa5310 JavaThread "http-nio-8080-exec-7"       daemon [_thread_blocked, id=30264, stack(0x0000002da8300000,0x0000002da8400000) (1024K)]
  0x00000212c6aa59a0 JavaThread "http-nio-8080-exec-8"       daemon [_thread_blocked, id=33124, stack(0x0000002da8400000,0x0000002da8500000) (1024K)]
  0x00000212c6aa2520 JavaThread "http-nio-8080-exec-9"       daemon [_thread_blocked, id=30052, stack(0x0000002da8500000,0x0000002da8600000) (1024K)]
  0x00000212c6aa66c0 JavaThread "http-nio-8080-exec-10"      daemon [_thread_blocked, id=26064, stack(0x0000002da8600000,0x0000002da8700000) (1024K)]
  0x00000212c6aa6030 JavaThread "http-nio-8080-Poller"       daemon [_thread_in_native, id=22352, stack(0x0000002da8700000,0x0000002da8800000) (1024K)]
  0x00000212c6aa73e0 JavaThread "http-nio-8080-Acceptor"     daemon [_thread_in_native, id=23024, stack(0x0000002da8800000,0x0000002da8900000) (1024K)]
  0x00000212c6aa6d50 JavaThread "scheduling-1"                      [_thread_blocked, id=32096, stack(0x0000002da8900000,0x0000002da8a00000) (1024K)]
  0x00000212c6aa8790 JavaThread "DestroyJavaVM"                     [_thread_blocked, id=23140, stack(0x0000002da5100000,0x0000002da5200000) (1024K)]
Total: 34

Other Threads:
  0x00000212ffd08940 VMThread "VM Thread"                           [id=29320, stack(0x0000002da5800000,0x0000002da5900000) (1024K)]
  0x00000212ffcf8350 WatcherThread "VM Periodic Task Thread"        [id=30552, stack(0x0000002da5700000,0x0000002da5800000) (1024K)]
  0x00000212e6cbac40 WorkerThread "GC Thread#0"                     [id=32972, stack(0x0000002da5200000,0x0000002da5300000) (1024K)]
  0x00000212c681f0a0 WorkerThread "GC Thread#1"                     [id=19580, stack(0x0000002da6700000,0x0000002da6800000) (1024K)]
  0x00000212c681fba0 WorkerThread "GC Thread#2"                     [id=28028, stack(0x0000002da6800000,0x0000002da6900000) (1024K)]
  0x00000212c6916960 WorkerThread "GC Thread#3"                     [id=27400, stack(0x0000002da6900000,0x0000002da6a00000) (1024K)]
  0x00000212c6661370 WorkerThread "GC Thread#4"                     [id=21776, stack(0x0000002da6a00000,0x0000002da6b00000) (1024K)]
  0x00000212c662fa50 WorkerThread "GC Thread#5"                     [id=2280, stack(0x0000002da6b00000,0x0000002da6c00000) (1024K)]
  0x00000212c69015c0 WorkerThread "GC Thread#6"                     [id=23716, stack(0x0000002da6c00000,0x0000002da6d00000) (1024K)]
  0x00000212c6901960 WorkerThread "GC Thread#7"                     [id=11208, stack(0x0000002da6d00000,0x0000002da6e00000) (1024K)]
  0x00000212c6901d00 WorkerThread "GC Thread#8"                     [id=28864, stack(0x0000002da6e00000,0x0000002da6f00000) (1024K)]
  0x00000212c7042db0 WorkerThread "GC Thread#9"                     [id=29888, stack(0x0000002da7100000,0x0000002da7200000) (1024K)]
  0x00000212e6cca5b0 ConcurrentGCThread "G1 Main Marker"            [id=28416, stack(0x0000002da5300000,0x0000002da5400000) (1024K)]
  0x00000212e6ccccf0 WorkerThread "G1 Conc#0"                       [id=33704, stack(0x0000002da5400000,0x0000002da5500000) (1024K)]
  0x00000212c6f50180 WorkerThread "G1 Conc#1"                       [id=31444, stack(0x0000002da7300000,0x0000002da7400000) (1024K)]
  0x00000212c6f50520 WorkerThread "G1 Conc#2"                       [id=22788, stack(0x0000002da7400000,0x0000002da7500000) (1024K)]
  0x00000212ffbc4460 ConcurrentGCThread "G1 Refine#0"               [id=26740, stack(0x0000002da5500000,0x0000002da5600000) (1024K)]
  0x00000212ffbc4990 ConcurrentGCThread "G1 Service"                [id=15832, stack(0x0000002da5600000,0x0000002da5700000) (1024K)]
Total: 18

Threads with active compile tasks:
C2 CompilerThread0  100789 9947       4       java.lang.invoke.MethodType::makeImpl (109 bytes)
Total: 1

VM state: not at safepoint (normal execution)

VM Mutex/Monitor currently owned by a thread: None

Heap address: 0x000000008ac00000, size: 1876 MB, Compressed Oops mode: 32-bit

CDS archive(s) mapped at: [0x0000021281000000-0x0000021281ba0000-0x0000021281ba0000), size 12189696, SharedBaseAddress: 0x0000021281000000, ArchiveRelocationMode: 1.
Compressed class space mapped at: 0x0000021282000000-0x00000212c2000000, reserved size: 1073741824
Narrow klass base: 0x0000021281000000, Narrow klass shift: 0, Narrow klass range: 0x100000000

GC Precious Log:
 CardTable entry size: 512
 Card Set container configuration: InlinePtr #cards 5 size 8 Array Of Cards #cards 12 size 40 Howl #buckets 4 coarsen threshold 1843 Howl Bitmap #cards 512 size 80 coarsen threshold 460 Card regions per heap region 1 cards per card region 2048
 CPUs: 12 total, 12 available
 Memory: 7498M
 Large Page Support: Disabled
 NUMA Support: Disabled
 Compressed Oops: Enabled (32-bit)
 Heap Region Size: 1M
 Heap Min Capacity: 8M
 Heap Initial Capacity: 118M
 Heap Max Capacity: 1876M
 Pre-touch: Disabled
 Parallel Workers: 10
 Concurrent Workers: 3
 Concurrent Refinement Workers: 10
 Periodic GC: Disabled

Heap:
 garbage-first heap   total 94208K, used 66108K [0x000000008ac00000, 0x0000000100000000)
  region size 1024K, 13 young (13312K), 3 survivors (3072K)
 Metaspace       used 85892K, committed 86784K, reserved 1179648K
  class space    used 11712K, committed 12096K, reserved 1048576K

Heap Regions: E=young(eden), S=young(survivor), O=old, HS=humongous(starts), HC=humongous(continues), CS=collection set, F=free, TAMS=top-at-mark-start, PB=parsable bottom
|   0|0x000000008ac00000, 0x000000008ad00000, 0x000000008ad00000|100%| O|  |TAMS 0x000000008ac00000| PB 0x000000008ac00000| Untracked 
|   1|0x000000008ad00000, 0x000000008ae00000, 0x000000008ae00000|100%|HS|  |TAMS 0x000000008ad00000| PB 0x000000008ad00000| Complete 
|   2|0x000000008ae00000, 0x000000008af00000, 0x000000008af00000|100%| O|  |TAMS 0x000000008ae00000| PB 0x000000008ae00000| Untracked 
|   3|0x000000008af00000, 0x000000008b000000, 0x000000008b000000|100%| O|  |TAMS 0x000000008af00000| PB 0x000000008af00000| Untracked 
|   4|0x000000008b000000, 0x000000008b100000, 0x000000008b100000|100%| O|  |TAMS 0x000000008b000000| PB 0x000000008b000000| Untracked 
|   5|0x000000008b100000, 0x000000008b200000, 0x000000008b200000|100%| O|  |TAMS 0x000000008b100000| PB 0x000000008b100000| Untracked 
|   6|0x000000008b200000, 0x000000008b300000, 0x000000008b300000|100%| O|  |TAMS 0x000000008b200000| PB 0x000000008b200000| Untracked 
|   7|0x000000008b300000, 0x000000008b400000, 0x000000008b400000|100%| O|  |TAMS 0x000000008b300000| PB 0x000000008b300000| Untracked 
|   8|0x000000008b400000, 0x000000008b500000, 0x000000008b500000|100%| O|  |TAMS 0x000000008b400000| PB 0x000000008b400000| Untracked 
|   9|0x000000008b500000, 0x000000008b600000, 0x000000008b600000|100%| O|  |TAMS 0x000000008b500000| PB 0x000000008b500000| Untracked 
|  10|0x000000008b600000, 0x000000008b700000, 0x000000008b700000|100%| O|  |TAMS 0x000000008b600000| PB 0x000000008b600000| Untracked 
|  11|0x000000008b700000, 0x000000008b800000, 0x000000008b800000|100%| O|  |TAMS 0x000000008b700000| PB 0x000000008b700000| Untracked 
|  12|0x000000008b800000, 0x000000008b900000, 0x000000008b900000|100%| O|  |TAMS 0x000000008b800000| PB 0x000000008b800000| Untracked 
|  13|0x000000008b900000, 0x000000008ba00000, 0x000000008ba00000|100%| O|  |TAMS 0x000000008b900000| PB 0x000000008b900000| Untracked 
|  14|0x000000008ba00000, 0x000000008bb00000, 0x000000008bb00000|100%| O|  |TAMS 0x000000008ba00000| PB 0x000000008ba00000| Untracked 
|  15|0x000000008bb00000, 0x000000008bc00000, 0x000000008bc00000|100%| O|  |TAMS 0x000000008bb00000| PB 0x000000008bb00000| Untracked 
|  16|0x000000008bc00000, 0x000000008bd00000, 0x000000008bd00000|100%| O|  |TAMS 0x000000008bc00000| PB 0x000000008bc00000| Untracked 
|  17|0x000000008bd00000, 0x000000008be00000, 0x000000008be00000|100%| O|  |TAMS 0x000000008bd00000| PB 0x000000008bd00000| Untracked 
|  18|0x000000008be00000, 0x000000008bf00000, 0x000000008bf00000|100%| O|  |TAMS 0x000000008be00000| PB 0x000000008be00000| Untracked 
|  19|0x000000008bf00000, 0x000000008c000000, 0x000000008c000000|100%| O|  |TAMS 0x000000008bf00000| PB 0x000000008bf00000| Untracked 
|  20|0x000000008c000000, 0x000000008c100000, 0x000000008c100000|100%| O|  |TAMS 0x000000008c000000| PB 0x000000008c000000| Untracked 
|  21|0x000000008c100000, 0x000000008c200000, 0x000000008c200000|100%| O|  |TAMS 0x000000008c100000| PB 0x000000008c100000| Untracked 
|  22|0x000000008c200000, 0x000000008c300000, 0x000000008c300000|100%| O|  |TAMS 0x000000008c200000| PB 0x000000008c200000| Untracked 
|  23|0x000000008c300000, 0x000000008c400000, 0x000000008c400000|100%| O|  |TAMS 0x000000008c300000| PB 0x000000008c300000| Untracked 
|  24|0x000000008c400000, 0x000000008c500000, 0x000000008c500000|100%| O|  |TAMS 0x000000008c400000| PB 0x000000008c400000| Untracked 
|  25|0x000000008c500000, 0x000000008c600000, 0x000000008c600000|100%| O|  |TAMS 0x000000008c500000| PB 0x000000008c500000| Untracked 
|  26|0x000000008c600000, 0x000000008c700000, 0x000000008c700000|100%| O|  |TAMS 0x000000008c600000| PB 0x000000008c600000| Untracked 
|  27|0x000000008c700000, 0x000000008c800000, 0x000000008c800000|100%| O|  |TAMS 0x000000008c700000| PB 0x000000008c700000| Untracked 
|  28|0x000000008c800000, 0x000000008c900000, 0x000000008c900000|100%| O|  |TAMS 0x000000008c800000| PB 0x000000008c800000| Untracked 
|  29|0x000000008c900000, 0x000000008ca00000, 0x000000008ca00000|100%| O|  |TAMS 0x000000008c900000| PB 0x000000008c900000| Untracked 
|  30|0x000000008ca00000, 0x000000008cb00000, 0x000000008cb00000|100%| O|  |TAMS 0x000000008ca00000| PB 0x000000008ca00000| Untracked 
|  31|0x000000008cb00000, 0x000000008cc00000, 0x000000008cc00000|100%| O|  |TAMS 0x000000008cb00000| PB 0x000000008cb00000| Untracked 
|  32|0x000000008cc00000, 0x000000008cd00000, 0x000000008cd00000|100%| O|  |TAMS 0x000000008cc00000| PB 0x000000008cc00000| Untracked 
|  33|0x000000008cd00000, 0x000000008ce00000, 0x000000008ce00000|100%| O|  |TAMS 0x000000008cd00000| PB 0x000000008cd00000| Untracked 
|  34|0x000000008ce00000, 0x000000008cf00000, 0x000000008cf00000|100%| O|  |TAMS 0x000000008ce00000| PB 0x000000008ce00000| Untracked 
|  35|0x000000008cf00000, 0x000000008d000000, 0x000000008d000000|100%| O|  |TAMS 0x000000008cf00000| PB 0x000000008cf00000| Untracked 
|  36|0x000000008d000000, 0x000000008d100000, 0x000000008d100000|100%| O|  |TAMS 0x000000008d000000| PB 0x000000008d000000| Untracked 
|  37|0x000000008d100000, 0x000000008d200000, 0x000000008d200000|100%| O|  |TAMS 0x000000008d100000| PB 0x000000008d100000| Untracked 
|  38|0x000000008d200000, 0x000000008d300000, 0x000000008d300000|100%| O|  |TAMS 0x000000008d200000| PB 0x000000008d200000| Untracked 
|  39|0x000000008d300000, 0x000000008d400000, 0x000000008d400000|100%| O|  |TAMS 0x000000008d300000| PB 0x000000008d300000| Untracked 
|  40|0x000000008d400000, 0x000000008d500000, 0x000000008d500000|100%| O|  |TAMS 0x000000008d400000| PB 0x000000008d400000| Untracked 
|  41|0x000000008d500000, 0x000000008d500000, 0x000000008d600000|  0%| F|  |TAMS 0x000000008d500000| PB 0x000000008d500000| Untracked 
|  42|0x000000008d600000, 0x000000008d700000, 0x000000008d700000|100%| O|  |TAMS 0x000000008d600000| PB 0x000000008d600000| Untracked 
|  43|0x000000008d700000, 0x000000008d800000, 0x000000008d800000|100%| O|  |TAMS 0x000000008d700000| PB 0x000000008d700000| Untracked 
|  44|0x000000008d800000, 0x000000008d900000, 0x000000008d900000|100%| O|  |TAMS 0x000000008d800000| PB 0x000000008d800000| Untracked 
|  45|0x000000008d900000, 0x000000008da00000, 0x000000008da00000|100%| O|  |TAMS 0x000000008d900000| PB 0x000000008d900000| Untracked 
|  46|0x000000008da00000, 0x000000008da00000, 0x000000008db00000|  0%| F|  |TAMS 0x000000008da00000| PB 0x000000008da00000| Untracked 
|  47|0x000000008db00000, 0x000000008dc00000, 0x000000008dc00000|100%| O|  |TAMS 0x000000008db00000| PB 0x000000008db00000| Untracked 
|  48|0x000000008dc00000, 0x000000008dd00000, 0x000000008dd00000|100%| O|  |TAMS 0x000000008dc00000| PB 0x000000008dc00000| Untracked 
|  49|0x000000008dd00000, 0x000000008de00000, 0x000000008de00000|100%| O|  |TAMS 0x000000008dd00000| PB 0x000000008dd00000| Untracked 
|  50|0x000000008de00000, 0x000000008df00000, 0x000000008df00000|100%| O|  |TAMS 0x000000008de00000| PB 0x000000008de00000| Untracked 
|  51|0x000000008df00000, 0x000000008e000000, 0x000000008e000000|100%| O|  |TAMS 0x000000008df00000| PB 0x000000008df00000| Untracked 
|  52|0x000000008e000000, 0x000000008e100000, 0x000000008e100000|100%| O|  |TAMS 0x000000008e000000| PB 0x000000008e000000| Untracked 
|  53|0x000000008e100000, 0x000000008e200000, 0x000000008e200000|100%| O|  |TAMS 0x000000008e100000| PB 0x000000008e100000| Untracked 
|  54|0x000000008e200000, 0x000000008e2ca3a0, 0x000000008e300000| 78%| O|  |TAMS 0x000000008e200000| PB 0x000000008e200000| Untracked 
|  55|0x000000008e300000, 0x000000008e300000, 0x000000008e400000|  0%| F|  |TAMS 0x000000008e300000| PB 0x000000008e300000| Untracked 
|  56|0x000000008e400000, 0x000000008e400000, 0x000000008e500000|  0%| F|  |TAMS 0x000000008e400000| PB 0x000000008e400000| Untracked 
|  57|0x000000008e500000, 0x000000008e500000, 0x000000008e600000|  0%| F|  |TAMS 0x000000008e500000| PB 0x000000008e500000| Untracked 
|  58|0x000000008e600000, 0x000000008e600000, 0x000000008e700000|  0%| F|  |TAMS 0x000000008e600000| PB 0x000000008e600000| Untracked 
|  59|0x000000008e700000, 0x000000008e7c4d60, 0x000000008e800000| 76%| S|CS|TAMS 0x000000008e700000| PB 0x000000008e700000| Complete 
|  60|0x000000008e800000, 0x000000008e900000, 0x000000008e900000|100%| S|CS|TAMS 0x000000008e800000| PB 0x000000008e800000| Complete 
|  61|0x000000008e900000, 0x000000008ea00000, 0x000000008ea00000|100%| S|CS|TAMS 0x000000008e900000| PB 0x000000008e900000| Complete 
|  62|0x000000008ea00000, 0x000000008ea00000, 0x000000008eb00000|  0%| F|  |TAMS 0x000000008ea00000| PB 0x000000008ea00000| Untracked 
|  63|0x000000008eb00000, 0x000000008eb00000, 0x000000008ec00000|  0%| F|  |TAMS 0x000000008eb00000| PB 0x000000008eb00000| Untracked 
|  64|0x000000008ec00000, 0x000000008ec00000, 0x000000008ed00000|  0%| F|  |TAMS 0x000000008ec00000| PB 0x000000008ec00000| Untracked 
|  65|0x000000008ed00000, 0x000000008ed00000, 0x000000008ee00000|  0%| F|  |TAMS 0x000000008ed00000| PB 0x000000008ed00000| Untracked 
|  66|0x000000008ee00000, 0x000000008ee00000, 0x000000008ef00000|  0%| F|  |TAMS 0x000000008ee00000| PB 0x000000008ee00000| Untracked 
|  67|0x000000008ef00000, 0x000000008ef00000, 0x000000008f000000|  0%| F|  |TAMS 0x000000008ef00000| PB 0x000000008ef00000| Untracked 
|  68|0x000000008f000000, 0x000000008f000000, 0x000000008f100000|  0%| F|  |TAMS 0x000000008f000000| PB 0x000000008f000000| Untracked 
|  69|0x000000008f100000, 0x000000008f100000, 0x000000008f200000|  0%| F|  |TAMS 0x000000008f100000| PB 0x000000008f100000| Untracked 
|  70|0x000000008f200000, 0x000000008f200000, 0x000000008f300000|  0%| F|  |TAMS 0x000000008f200000| PB 0x000000008f200000| Untracked 
|  71|0x000000008f300000, 0x000000008f300000, 0x000000008f400000|  0%| F|  |TAMS 0x000000008f300000| PB 0x000000008f300000| Untracked 
|  72|0x000000008f400000, 0x000000008f400000, 0x000000008f500000|  0%| F|  |TAMS 0x000000008f400000| PB 0x000000008f400000| Untracked 
|  73|0x000000008f500000, 0x000000008f500000, 0x000000008f600000|  0%| F|  |TAMS 0x000000008f500000| PB 0x000000008f500000| Untracked 
|  74|0x000000008f600000, 0x000000008f600000, 0x000000008f700000|  0%| F|  |TAMS 0x000000008f600000| PB 0x000000008f600000| Untracked 
|  75|0x000000008f700000, 0x000000008f700000, 0x000000008f800000|  0%| F|  |TAMS 0x000000008f700000| PB 0x000000008f700000| Untracked 
|  76|0x000000008f800000, 0x000000008f800000, 0x000000008f900000|  0%| F|  |TAMS 0x000000008f800000| PB 0x000000008f800000| Untracked 
|  77|0x000000008f900000, 0x000000008f900000, 0x000000008fa00000|  0%| F|  |TAMS 0x000000008f900000| PB 0x000000008f900000| Untracked 
|  78|0x000000008fa00000, 0x000000008fa00000, 0x000000008fb00000|  0%| F|  |TAMS 0x000000008fa00000| PB 0x000000008fa00000| Untracked 
|  79|0x000000008fb00000, 0x000000008fb00000, 0x000000008fc00000|  0%| F|  |TAMS 0x000000008fb00000| PB 0x000000008fb00000| Untracked 
|  80|0x000000008fc00000, 0x000000008fc00000, 0x000000008fd00000|  0%| F|  |TAMS 0x000000008fc00000| PB 0x000000008fc00000| Untracked 
|  81|0x000000008fd00000, 0x000000008fd33590, 0x000000008fe00000| 20%| E|  |TAMS 0x000000008fd00000| PB 0x000000008fd00000| Complete 
|  82|0x000000008fe00000, 0x000000008feff590, 0x000000008ff00000| 99%| E|  |TAMS 0x000000008fe00000| PB 0x000000008fe00000| Complete 
|  83|0x000000008ff00000, 0x0000000090000000, 0x0000000090000000|100%| E|CS|TAMS 0x000000008ff00000| PB 0x000000008ff00000| Complete 
|  84|0x0000000090000000, 0x0000000090100000, 0x0000000090100000|100%| E|CS|TAMS 0x0000000090000000| PB 0x0000000090000000| Complete 
|  85|0x0000000090100000, 0x0000000090200000, 0x0000000090200000|100%| E|CS|TAMS 0x0000000090100000| PB 0x0000000090100000| Complete 
|  86|0x0000000090200000, 0x0000000090300000, 0x0000000090300000|100%| E|CS|TAMS 0x0000000090200000| PB 0x0000000090200000| Complete 
|  87|0x0000000090300000, 0x0000000090400000, 0x0000000090400000|100%| E|CS|TAMS 0x0000000090300000| PB 0x0000000090300000| Complete 
| 116|0x0000000092000000, 0x0000000092100000, 0x0000000092100000|100%| E|CS|TAMS 0x0000000092000000| PB 0x0000000092000000| Complete 
| 117|0x0000000092100000, 0x0000000092200000, 0x0000000092200000|100%| E|CS|TAMS 0x0000000092100000| PB 0x0000000092100000| Complete 
|1874|0x00000000ffe00000, 0x00000000fff00000, 0x00000000fff00000|100%| E|CS|TAMS 0x00000000ffe00000| PB 0x00000000ffe00000| Complete 
|1875|0x00000000fff00000, 0x0000000100000000, 0x0000000100000000|100%| O|  |TAMS 0x00000000fff00000| PB 0x00000000fff00000| Untracked 

Card table byte_map: [0x00000212fb7a0000,0x00000212fbb50000] _byte_map_base: 0x00000212fb34a000

Marking Bits: (CMBitMap*) 0x00000212e6cbb250
 Bits: [0x00000212fbb50000, 0x00000212fd8a0000)

Polling page: 0x00000212e6d10000

Metaspace:

Usage:
  Non-class:     72.45 MB used.
      Class:     11.44 MB used.
       Both:     83.88 MB used.

Virtual space:
  Non-class space:      128.00 MB reserved,      72.94 MB ( 57%) committed,  2 nodes.
      Class space:        1.00 GB reserved,      11.81 MB (  1%) committed,  1 nodes.
             Both:        1.12 GB reserved,      84.75 MB (  7%) committed. 

Chunk freelists:
   Non-Class:  6.98 MB
       Class:  4.20 MB
        Both:  11.19 MB

MaxMetaspaceSize: unlimited
CompressedClassSpaceSize: 1.00 GB
Initial GC threshold: 21.00 MB
Current GC threshold: 137.19 MB
CDS: on
 - commit_granule_bytes: 65536.
 - commit_granule_words: 8192.
 - virtual_space_node_default_size: 8388608.
 - enlarge_chunks_in_place: 1.
 - use_allocation_guard: 0.


Internal statistics:

num_allocs_failed_limit: 6.
num_arena_births: 1340.
num_arena_deaths: 6.
num_vsnodes_births: 3.
num_vsnodes_deaths: 0.
num_space_committed: 1356.
num_space_uncommitted: 0.
num_chunks_returned_to_freelist: 15.
num_chunks_taken_from_freelist: 4394.
num_chunk_merges: 7.
num_chunk_splits: 3175.
num_chunks_enlarged: 2464.
num_inconsistent_stats: 0.

CodeHeap 'non-profiled nmethods': size=120000Kb used=6029Kb max_used=6029Kb free=113970Kb
 bounds [0x00000212f3230000, 0x00000212f3820000, 0x00000212fa760000]
CodeHeap 'profiled nmethods': size=120000Kb used=15504Kb max_used=15504Kb free=104496Kb
 bounds [0x00000212eb760000, 0x00000212ec690000, 0x00000212f2c90000]
CodeHeap 'non-nmethods': size=5760Kb used=1706Kb max_used=1766Kb free=4053Kb
 bounds [0x00000212f2c90000, 0x00000212f2f00000, 0x00000212f3230000]
 total_blobs=8981 nmethods=8247 adapters=637
 compilation: enabled
              stopped_count=0, restarted_count=0
 full_count=0

Compilation events (20 events):
Event: 99.140 Thread 0x00000212ffd3cf50 nmethod 9938 0x00000212f380b790 code [0x00000212f380b920, 0x00000212f380ba38]
Event: 99.140 Thread 0x00000212ffd3cf50 9939       1       java.util.logging.LogManager$LoggerWeakRef::setNode (6 bytes)
Event: 99.140 Thread 0x00000212ffd3cf50 nmethod 9939 0x00000212f380ba90 code [0x00000212f380bc20, 0x00000212f380bd30]
Event: 99.165 Thread 0x00000212ffd3cf50 9940   !   3       java.util.concurrent.ConcurrentHashMap::putVal (432 bytes)
Event: 99.170 Thread 0x00000212ffd3cf50 nmethod 9940 0x00000212ec67de10 code [0x00000212ec67e180, 0x00000212ec67fba8]
Event: 99.185 Thread 0x00000212ffd3cf50 9941       1       java.util.logging.LogManager$LoggerWeakRef::setParentRef (6 bytes)
Event: 99.185 Thread 0x00000212ffd3cf50 nmethod 9941 0x00000212f380bd90 code [0x00000212f380bf20, 0x00000212f380c030]
Event: 99.291 Thread 0x00000212ffd3cf50 9942       3       java.util.ResourceBundle$KeyElementReference::<init> (12 bytes)
Event: 99.293 Thread 0x00000212ffd3cf50 nmethod 9942 0x00000212ec680510 code [0x00000212ec6806e0, 0x00000212ec680a68]
Event: 99.374 Thread 0x00000212ffd3a8a0 9943       4       sun.invoke.util.BytecodeDescriptor::unparseSig (49 bytes)
Event: 99.394 Thread 0x00000212ffd3a8a0 nmethod 9943 0x00000212f380c690 code [0x00000212f380c8c0, 0x00000212f380cf08]
Event: 99.396 Thread 0x00000212ffd3a8a0 9946       4       jdk.internal.org.objectweb.asm.ClassWriter::toByteArray (1517 bytes)
Event: 99.401 Thread 0x00000212ffd3cf50 9948       3       java.lang.invoke.MethodTypeForm::<init> (322 bytes)
Event: 99.404 Thread 0x00000212ffd3cf50 nmethod 9948 0x00000212ec680b90 code [0x00000212ec680e80, 0x00000212ec6824a8]
Event: 99.435 Thread 0x00000212ffd3cf50 9952   !   3       sun.nio.ch.IOUtil::readIntoNativeBuffer (169 bytes)
Event: 99.440 Thread 0x00000212ffd3cf50 nmethod 9952 0x00000212ec682a90 code [0x00000212ec682de0, 0x00000212ec6841a8]
Event: 99.453 Thread 0x00000212ffd3cf50 9953       3       java.io.StringReader::ensureOpen (18 bytes)
Event: 99.454 Thread 0x00000212ffd3cf50 nmethod 9953 0x00000212ec684a90 code [0x00000212ec684c40, 0x00000212ec684e48]
Event: 99.538 Thread 0x00000212ffd3a8a0 nmethod 9946 0x00000212f380dc90 code [0x00000212f380e180, 0x00000212f3811218]
Event: 99.538 Thread 0x00000212ffd3a8a0 9947       4       java.lang.invoke.MethodType::makeImpl (109 bytes)

GC Heap History (20 events):
Event: 16.793 GC heap before
{Heap before GC invocations=28 (full 0):
 garbage-first heap   total 71680K, used 64967K [0x000000008ac00000, 0x0000000100000000)
  region size 1024K, 23 young (23552K), 2 survivors (2048K)
 Metaspace       used 75825K, committed 76544K, reserved 1179648K
  class space    used 10287K, committed 10624K, reserved 1048576K
}
Event: 16.797 GC heap after
{Heap after GC invocations=29 (full 0):
 garbage-first heap   total 71680K, used 45033K [0x000000008ac00000, 0x0000000100000000)
  region size 1024K, 3 young (3072K), 3 survivors (3072K)
 Metaspace       used 75825K, committed 76544K, reserved 1179648K
  class space    used 10287K, committed 10624K, reserved 1048576K
}
Event: 17.080 GC heap before
{Heap before GC invocations=29 (full 0):
 garbage-first heap   total 71680K, used 62441K [0x000000008ac00000, 0x0000000100000000)
  region size 1024K, 21 young (21504K), 3 survivors (3072K)
 Metaspace       used 77470K, committed 78144K, reserved 1179648K
  class space    used 10496K, committed 10816K, reserved 1048576K
}
Event: 17.083 GC heap after
{Heap after GC invocations=30 (full 0):
 garbage-first heap   total 71680K, used 46080K [0x000000008ac00000, 0x0000000100000000)
  region size 1024K, 1 young (1024K), 1 survivors (1024K)
 Metaspace       used 77470K, committed 78144K, reserved 1179648K
  class space    used 10496K, committed 10816K, reserved 1048576K
}
Event: 17.403 GC heap before
{Heap before GC invocations=31 (full 0):
 garbage-first heap   total 76800K, used 65536K [0x000000008ac00000, 0x0000000100000000)
  region size 1024K, 20 young (20480K), 1 survivors (1024K)
 Metaspace       used 77948K, committed 78656K, reserved 1179648K
  class space    used 10547K, committed 10880K, reserved 1048576K
}
Event: 17.406 GC heap after
{Heap after GC invocations=32 (full 0):
 garbage-first heap   total 76800K, used 47509K [0x000000008ac00000, 0x0000000100000000)
  region size 1024K, 3 young (3072K), 3 survivors (3072K)
 Metaspace       used 77948K, committed 78656K, reserved 1179648K
  class space    used 10547K, committed 10880K, reserved 1048576K
}
Event: 17.717 GC heap before
{Heap before GC invocations=32 (full 0):
 garbage-first heap   total 76800K, used 67989K [0x000000008ac00000, 0x0000000100000000)
  region size 1024K, 23 young (23552K), 3 survivors (3072K)
 Metaspace       used 78509K, committed 79232K, reserved 1179648K
  class space    used 10610K, committed 10944K, reserved 1048576K
}
Event: 17.721 GC heap after
{Heap after GC invocations=33 (full 0):
 garbage-first heap   total 76800K, used 48673K [0x000000008ac00000, 0x0000000100000000)
  region size 1024K, 3 young (3072K), 3 survivors (3072K)
 Metaspace       used 78509K, committed 79232K, reserved 1179648K
  class space    used 10610K, committed 10944K, reserved 1048576K
}
Event: 18.060 GC heap before
{Heap before GC invocations=33 (full 0):
 garbage-first heap   total 76800K, used 68129K [0x000000008ac00000, 0x0000000100000000)
  region size 1024K, 22 young (22528K), 3 survivors (3072K)
 Metaspace       used 79317K, committed 80128K, reserved 1179648K
  class space    used 10753K, committed 11136K, reserved 1048576K
}
Event: 18.064 GC heap after
{Heap after GC invocations=34 (full 0):
 garbage-first heap   total 76800K, used 50661K [0x000000008ac00000, 0x0000000100000000)
  region size 1024K, 2 young (2048K), 2 survivors (2048K)
 Metaspace       used 79317K, committed 80128K, reserved 1179648K
  class space    used 10753K, committed 11136K, reserved 1048576K
}
Event: 18.617 GC heap before
{Heap before GC invocations=35 (full 0):
 garbage-first heap   total 86016K, used 69093K [0x000000008ac00000, 0x0000000100000000)
  region size 1024K, 20 young (20480K), 2 survivors (2048K)
 Metaspace       used 80429K, committed 81280K, reserved 1179648K
  class space    used 10896K, committed 11264K, reserved 1048576K
}
Event: 18.622 GC heap after
{Heap after GC invocations=36 (full 0):
 garbage-first heap   total 86016K, used 52117K [0x000000008ac00000, 0x0000000100000000)
  region size 1024K, 2 young (2048K), 2 survivors (2048K)
 Metaspace       used 80429K, committed 81280K, reserved 1179648K
  class space    used 10896K, committed 11264K, reserved 1048576K
}
Event: 19.226 GC heap before
{Heap before GC invocations=36 (full 0):
 garbage-first heap   total 86016K, used 77717K [0x000000008ac00000, 0x0000000100000000)
  region size 1024K, 27 young (27648K), 2 survivors (2048K)
 Metaspace       used 82266K, committed 83072K, reserved 1179648K
  class space    used 11162K, committed 11520K, reserved 1048576K
}
Event: 19.231 GC heap after
{Heap after GC invocations=37 (full 0):
 garbage-first heap   total 86016K, used 53782K [0x000000008ac00000, 0x0000000100000000)
  region size 1024K, 4 young (4096K), 4 survivors (4096K)
 Metaspace       used 82266K, committed 83072K, reserved 1179648K
  class space    used 11162K, committed 11520K, reserved 1048576K
}
Event: 19.618 GC heap before
{Heap before GC invocations=37 (full 0):
 garbage-first heap   total 86016K, used 76310K [0x000000008ac00000, 0x0000000100000000)
  region size 1024K, 26 young (26624K), 4 survivors (4096K)
 Metaspace       used 83098K, committed 83904K, reserved 1179648K
  class space    used 11302K, committed 11648K, reserved 1048576K
}
Event: 19.622 GC heap after
{Heap after GC invocations=38 (full 0):
 garbage-first heap   total 86016K, used 55667K [0x000000008ac00000, 0x0000000100000000)
  region size 1024K, 4 young (4096K), 4 survivors (4096K)
 Metaspace       used 83098K, committed 83904K, reserved 1179648K
  class space    used 11302K, committed 11648K, reserved 1048576K
}
Event: 19.986 GC heap before
{Heap before GC invocations=39 (full 0):
 garbage-first heap   total 94208K, used 75123K [0x000000008ac00000, 0x0000000100000000)
  region size 1024K, 23 young (23552K), 4 survivors (4096K)
 Metaspace       used 83913K, committed 84800K, reserved 1179648K
  class space    used 11431K, committed 11840K, reserved 1048576K
}
Event: 19.991 GC heap after
{Heap after GC invocations=40 (full 0):
 garbage-first heap   total 94208K, used 57400K [0x000000008ac00000, 0x0000000100000000)
  region size 1024K, 2 young (2048K), 2 survivors (2048K)
 Metaspace       used 83913K, committed 84800K, reserved 1179648K
  class space    used 11431K, committed 11840K, reserved 1048576K
}
Event: 73.572 GC heap before
{Heap before GC invocations=40 (full 0):
 garbage-first heap   total 94208K, used 85048K [0x000000008ac00000, 0x0000000100000000)
  region size 1024K, 29 young (29696K), 2 survivors (2048K)
 Metaspace       used 85037K, committed 85952K, reserved 1179648K
  class space    used 11616K, committed 12032K, reserved 1048576K
}
Event: 73.644 GC heap after
{Heap after GC invocations=41 (full 0):
 garbage-first heap   total 94208K, used 57916K [0x000000008ac00000, 0x0000000100000000)
  region size 1024K, 3 young (3072K), 3 survivors (3072K)
 Metaspace       used 85037K, committed 85952K, reserved 1179648K
  class space    used 11616K, committed 12032K, reserved 1048576K
}

Dll operation events (11 events):
Event: 0.022 Loaded shared library C:\Users\leyot\.vscode\extensions\redhat.java-1.40.0-win32-x64\jre\21.0.6-win32-x86_64\bin\java.dll
Event: 0.086 Loaded shared library C:\Users\leyot\.vscode\extensions\redhat.java-1.40.0-win32-x64\jre\21.0.6-win32-x86_64\bin\zip.dll
Event: 0.205 Loaded shared library C:\Users\leyot\.vscode\extensions\redhat.java-1.40.0-win32-x64\jre\21.0.6-win32-x86_64\bin\jimage.dll
Event: 0.216 Loaded shared library C:\Users\leyot\.vscode\extensions\redhat.java-1.40.0-win32-x64\jre\21.0.6-win32-x86_64\bin\net.dll
Event: 0.222 Loaded shared library C:\Users\leyot\.vscode\extensions\redhat.java-1.40.0-win32-x64\jre\21.0.6-win32-x86_64\bin\nio.dll
Event: 0.225 Loaded shared library C:\Users\leyot\.vscode\extensions\redhat.java-1.40.0-win32-x64\jre\21.0.6-win32-x86_64\bin\zip.dll
Event: 0.310 Loaded shared library C:\Users\leyot\.vscode\extensions\redhat.java-1.40.0-win32-x64\jre\21.0.6-win32-x86_64\bin\management.dll
Event: 0.343 Loaded shared library C:\Users\leyot\.vscode\extensions\redhat.java-1.40.0-win32-x64\jre\21.0.6-win32-x86_64\bin\management_ext.dll
Event: 0.789 Loaded shared library C:\Users\leyot\.vscode\extensions\redhat.java-1.40.0-win32-x64\jre\21.0.6-win32-x86_64\bin\extnet.dll
Event: 2.466 Loaded shared library C:\Users\leyot\.vscode\extensions\redhat.java-1.40.0-win32-x64\jre\21.0.6-win32-x86_64\bin\sunmscapi.dll
Event: 11.221 Loaded shared library C:\Users\leyot\.vscode\extensions\redhat.java-1.40.0-win32-x64\jre\21.0.6-win32-x86_64\bin\verify.dll

Deoptimization events (20 events):
Event: 20.405 Thread 0x00000212c68b3220 Uncommon trap: trap_request=0xffffff45 fr.pc=0x00000212f32cbdf4 relative=0x0000000000001114
Event: 20.405 Thread 0x00000212c68b3220 Uncommon trap: reason=unstable_if action=reinterpret pc=0x00000212f32cbdf4 method=java.lang.String.<init>(Ljava/nio/charset/Charset;[BII)V @ 6 c2
Event: 20.406 Thread 0x00000212c68b3220 DEOPT PACKING pc=0x00000212f32cbdf4 sp=0x0000002da70fdd80
Event: 20.406 Thread 0x00000212c68b3220 DEOPT UNPACKING pc=0x00000212f2ce46a2 sp=0x0000002da70fdd08 mode 2
Event: 20.436 Thread 0x00000212c68b3220 Uncommon trap: trap_request=0xffffff45 fr.pc=0x00000212f37b843c relative=0x0000000000000f5c
Event: 20.436 Thread 0x00000212c68b3220 Uncommon trap: reason=unstable_if action=reinterpret pc=0x00000212f37b843c method=org.springframework.beans.factory.support.AbstractBeanFactory.getType(Ljava/lang/String;Z)Ljava/lang/Class; @ 49 c2
Event: 20.436 Thread 0x00000212c68b3220 DEOPT PACKING pc=0x00000212f37b843c sp=0x0000002da70fe430
Event: 20.436 Thread 0x00000212c68b3220 DEOPT UNPACKING pc=0x00000212f2ce46a2 sp=0x0000002da70fe408 mode 2
Event: 20.437 Thread 0x00000212c68b3220 Uncommon trap: trap_request=0xffffff45 fr.pc=0x00000212f33a1eb0 relative=0x0000000000000110
Event: 20.437 Thread 0x00000212c68b3220 Uncommon trap: reason=unstable_if action=reinterpret pc=0x00000212f33a1eb0 method=java.util.ArrayList.indexOfRange(Ljava/lang/Object;II)I @ 7 c2
Event: 20.437 Thread 0x00000212c68b3220 DEOPT PACKING pc=0x00000212f33a1eb0 sp=0x0000002da70fe520
Event: 20.437 Thread 0x00000212c68b3220 DEOPT UNPACKING pc=0x00000212f2ce46a2 sp=0x0000002da70fe4a0 mode 2
Event: 99.093 Thread 0x00000212c6aa38d0 Uncommon trap: trap_request=0xffffff45 fr.pc=0x00000212f3709f08 relative=0x0000000000000fe8
Event: 99.093 Thread 0x00000212c6aa38d0 Uncommon trap: reason=unstable_if action=reinterpret pc=0x00000212f3709f08 method=java.util.concurrent.ConcurrentHashMap.putVal(Ljava/lang/Object;Ljava/lang/Object;Z)Ljava/lang/Object; @ 97 c2
Event: 99.094 Thread 0x00000212c6aa38d0 DEOPT PACKING pc=0x00000212f3709f08 sp=0x0000002da7cfe1d0
Event: 99.094 Thread 0x00000212c6aa38d0 DEOPT UNPACKING pc=0x00000212f2ce46a2 sp=0x0000002da7cfe158 mode 2
Event: 99.094 Thread 0x00000212c6aa38d0 Uncommon trap: trap_request=0xffffff54 fr.pc=0x00000212f332e31c relative=0x00000000000012fc
Event: 99.095 Thread 0x00000212c6aa38d0 Uncommon trap: reason=speculate_null_assert action=make_not_entrant pc=0x00000212f332e31c method=jdk.internal.util.ReferencedKeyMap.internKey(Ljdk/internal/util/ReferencedKeyMap;Ljava/lang/Object;)Ljava/lang/Object; @ 28 c2
Event: 99.095 Thread 0x00000212c6aa38d0 DEOPT PACKING pc=0x00000212f332e31c sp=0x0000002da7cfe2a0
Event: 99.095 Thread 0x00000212c6aa38d0 DEOPT UNPACKING pc=0x00000212f2ce46a2 sp=0x0000002da7cfe170 mode 2

Classes loaded (20 events):
Event: 98.943 Loading class java/nio/channels/WritePendingException
Event: 98.944 Loading class java/nio/channels/WritePendingException done
Event: 99.012 Loading class java/util/concurrent/Semaphore
Event: 99.018 Loading class java/util/concurrent/Semaphore done
Event: 99.018 Loading class java/util/concurrent/Semaphore$NonfairSync
Event: 99.019 Loading class java/util/concurrent/Semaphore$Sync
Event: 99.022 Loading class java/util/concurrent/Semaphore$Sync done
Event: 99.022 Loading class java/util/concurrent/Semaphore$NonfairSync done
Event: 99.024 Loading class sun/nio/ch/SocketAdaptor
Event: 99.043 Loading class sun/nio/ch/SocketAdaptor done
Event: 99.044 Loading class sun/nio/ch/SocketChannelImpl$DefaultOptionsHolder
Event: 99.047 Loading class sun/nio/ch/SocketChannelImpl$DefaultOptionsHolder done
Event: 99.055 Loading class sun/nio/ch/SelectionKeyImpl
Event: 99.062 Loading class java/nio/channels/spi/AbstractSelectionKey
Event: 99.063 Loading class java/nio/channels/SelectionKey
Event: 99.065 Loading class java/nio/channels/SelectionKey done
Event: 99.065 Loading class java/nio/channels/spi/AbstractSelectionKey done
Event: 99.065 Loading class sun/nio/ch/SelectionKeyImpl done
Event: 99.070 Loading class java/lang/invoke/ConstantBootstraps
Event: 99.074 Loading class java/lang/invoke/ConstantBootstraps done

Classes unloaded (3 events):
Event: 17.118 Thread 0x00000212ffd08940 Unloading class 0x00000212829ac400 'jdk/internal/reflect/GeneratedSerializationConstructorAccessor6'
Event: 17.118 Thread 0x00000212ffd08940 Unloading class 0x00000212829ac000 'jdk/internal/reflect/GeneratedSerializationConstructorAccessor5'
Event: 17.118 Thread 0x00000212ffd08940 Unloading class 0x0000021282924000 'jdk/internal/reflect/GeneratedSerializationConstructorAccessor4'

Classes redefined (0 events):
No events

Internal exceptions (20 events):
Event: 17.740 Thread 0x00000212c68b3220 Exception <a 'java/lang/NoSuchMethodError'{0x00000000ffea5358}: 'java.lang.Object java.lang.invoke.DirectMethodHandle$Holder.newInvokeSpecial(java.lang.Object, java.lang.Object, java.lang.Object, java.lang.Object, java.lang.Object, java.lang.Object, java.lang.Object, java.lang.Object, java.lang.Object)'> (0x00000000ffea5358) 
thrown [s\src\hotspot\share\interpreter\linkResolver.cpp, line 773]
Event: 17.751 Thread 0x00000212c68b3220 Exception <a 'java/lang/IncompatibleClassChangeError'{0x0000000092106280}: Found class java.lang.Object, but interface was expected> (0x0000000092106280) 
thrown [s\src\hotspot\share\interpreter\linkResolver.cpp, line 840]
Event: 17.950 Thread 0x00000212c68b3220 Exception <a 'java/lang/NoSuchMethodError'{0x000000008e79ff88}: 'java.lang.Object java.lang.invoke.DirectMethodHandle$Holder.invokeVirtual(java.lang.Object, java.lang.Object, int)'> (0x000000008e79ff88) 
thrown [s\src\hotspot\share\interpreter\linkResolver.cpp, line 773]
Event: 18.074 Thread 0x00000212c68b3220 Exception <a 'java/lang/NoSuchMethodError'{0x00000000ffe21bd8}: 'java.lang.Object java.lang.invoke.DirectMethodHandle$Holder.invokeVirtual(java.lang.Object, java.lang.Object, java.lang.Object, java.lang.Object, java.lang.Object, java.lang.Object, java.lang.Object, java.lang.Object)'> (0x00000000ffe21bd8) 
thrown [s\src\hotspot\share\interpreter\linkResolver.cpp, line 773]
Event: 18.116 Thread 0x00000212c68b3220 Implicit null exception at 0x00000212f33890cc to 0x00000212f338919a
Event: 18.116 Thread 0x00000212c68b3220 Implicit null exception at 0x00000212f330e5ef to 0x00000212f330eae3
Event: 18.736 Thread 0x00000212c68b3220 Exception <a 'java/lang/IncompatibleClassChangeError'{0x0000000092081698}: Found class java.lang.Object, but interface was expected> (0x0000000092081698) 
thrown [s\src\hotspot\share\interpreter\linkResolver.cpp, line 840]
Event: 18.832 Thread 0x00000212c68b3220 Exception <a 'java/lang/NoSuchMethodError'{0x000000008f9e25a8}: 'void java.lang.invoke.DirectMethodHandle$Holder.invokeVirtual(java.lang.Object, java.lang.Object, long)'> (0x000000008f9e25a8) 
thrown [s\src\hotspot\share\interpreter\linkResolver.cpp, line 773]
Event: 18.996 Thread 0x00000212c68b3220 Exception <a 'java/lang/NoSuchMethodError'{0x000000008f17b2c8}: 'java.lang.Object java.lang.invoke.DirectMethodHandle$Holder.invokeVirtual(java.lang.Object, java.lang.Object, java.lang.Object, java.lang.Object, java.lang.Object, java.lang.Object, java.lang.Object)'> (0x000000008f17b2c8) 
thrown [s\src\hotspot\share\interpreter\linkResolver.cpp, line 773]
Event: 19.119 Thread 0x00000212c68b3220 Exception <a 'java/lang/IncompatibleClassChangeError'{0x000000008e941d18}: Found class java.lang.Object, but interface was expected> (0x000000008e941d18) 
thrown [s\src\hotspot\share\interpreter\linkResolver.cpp, line 840]
Event: 19.639 Thread 0x00000212808556f0 Exception <a 'java/lang/NoSuchMethodError'{0x00000000ffe8b880}: 'long java.lang.invoke.DirectMethodHandle$Holder.invokeStatic(java.lang.Object, java.lang.Object, java.lang.Object)'> (0x00000000ffe8b880) 
thrown [s\src\hotspot\share\interpreter\linkResolver.cpp, line 773]
Event: 19.649 Thread 0x00000212c68b3220 Exception <a 'java/lang/NoSuchMethodError'{0x000000009214b450}: 'double java.lang.invoke.DirectMethodHandle$Holder.invokeStatic(java.lang.Object, java.lang.Object)'> (0x000000009214b450) 
thrown [s\src\hotspot\share\interpreter\linkResolver.cpp, line 773]
Event: 19.894 Thread 0x00000212c68b3220 Exception <a 'java/lang/NoSuchMethodError'{0x000000008f9e2318}: 'java.lang.Object java.lang.invoke.DirectMethodHandle$Holder.invokeVirtual(java.lang.Object, java.lang.Object, java.lang.Object, java.lang.Object, java.lang.Object, java.lang.Object, java.lang.Object, java.lang.Object, java.lang.Object, java.lang.Object)'> (0x000000008f9e2318) 
thrown [s\src\hotspot\share\interpreter\linkResolver.cpp, line 773]
Event: 20.157 Thread 0x00000212c68b3220 Exception <a 'java/lang/NoSuchMethodError'{0x0000000090295498}: 'java.lang.Object java.lang.invoke.DirectMethodHandle$Holder.invokeVirtual(java.lang.Object, java.lang.Object, java.lang.Object, java.lang.Object, java.lang.Object, java.lang.Object, java.lang.Object, java.lang.Object, java.lang.Object)'> (0x0000000090295498) 
thrown [s\src\hotspot\share\interpreter\linkResolver.cpp, line 773]
Event: 20.250 Thread 0x00000212c68b3220 Exception <a 'java/lang/NoSuchMethodError'{0x000000008fd2da80}: 'void java.lang.invoke.DirectMethodHandle$Holder.invokeStatic(java.lang.Object, java.lang.Object, double)'> (0x000000008fd2da80) 
thrown [s\src\hotspot\share\interpreter\linkResolver.cpp, line 773]
Event: 20.275 Thread 0x00000212c68b3220 Exception <a 'java/lang/NoSuchMethodError'{0x000000008fd7b100}: 'double java.lang.invoke.DirectMethodHandle$Holder.invokeStatic(java.lang.Object, java.lang.Object, java.lang.Object)'> (0x000000008fd7b100) 
thrown [s\src\hotspot\share\interpreter\linkResolver.cpp, line 773]
Event: 20.329 Thread 0x00000212c68b3220 Exception <a 'java/lang/IncompatibleClassChangeError'{0x000000008fc5bb88}: Found class java.lang.Object, but interface was expected> (0x000000008fc5bb88) 
thrown [s\src\hotspot\share\interpreter\linkResolver.cpp, line 840]
Event: 20.337 Thread 0x00000212c68b3220 Exception <a 'java/lang/NoSuchMethodError'{0x000000008fc79840}: 'java.lang.Object java.lang.invoke.DirectMethodHandle$Holder.newInvokeSpecial(java.lang.Object, java.lang.Object, int, java.lang.Object, java.lang.Object)'> (0x000000008fc79840) 
thrown [s\src\hotspot\share\interpreter\linkResolver.cpp, line 773]
Event: 99.411 Thread 0x00000212c6aa3f60 Exception <a 'java/lang/NoSuchMethodError'{0x000000008fe041c0}: 'java.lang.Object java.lang.invoke.DirectMethodHandle$Holder.invokeSpecial(java.lang.Object, java.lang.Object, java.lang.Object, java.lang.Object, java.lang.Object, long)'> (0x000000008fe041c0) 
thrown [s\src\hotspot\share\interpreter\linkResolver.cpp, line 773]
Event: 99.413 Thread 0x00000212c6aa3f60 Exception <a 'java/lang/NoSuchMethodError'{0x000000008fe07958}: 'java.lang.Object java.lang.invoke.Invokers$Holder.linkToTargetMethod(java.lang.Object, java.lang.Object, java.lang.Object, long, java.lang.Object)'> (0x000000008fe07958) 
thrown [s\src\hotspot\share\interpreter\linkResolver.cpp, line 773]

ZGC Phase Switch (0 events):
No events

VM Operations (20 events):
Event: 21.509 Executing VM operation: Cleanup
Event: 21.509 Executing VM operation: Cleanup done
Event: 23.522 Executing VM operation: Cleanup
Event: 23.522 Executing VM operation: Cleanup done
Event: 27.563 Executing VM operation: Cleanup
Event: 27.563 Executing VM operation: Cleanup done
Event: 38.643 Executing VM operation: Cleanup
Event: 38.643 Executing VM operation: Cleanup done
Event: 42.669 Executing VM operation: Cleanup
Event: 42.669 Executing VM operation: Cleanup done
Event: 60.086 Executing VM operation: HandshakeAllThreads (HandshakeForDeflation)
Event: 60.086 Executing VM operation: HandshakeAllThreads (HandshakeForDeflation) done
Event: 60.086 Executing VM operation: RendezvousGCThreads
Event: 60.086 Executing VM operation: RendezvousGCThreads done
Event: 73.570 Executing VM operation: G1CollectForAllocation (G1 Evacuation Pause)
Event: 73.644 Executing VM operation: G1CollectForAllocation (G1 Evacuation Pause) done
Event: 99.671 Executing VM operation: HandshakeAllThreads (Deoptimize)
Event: 99.671 Executing VM operation: HandshakeAllThreads (Deoptimize) done
Event: 99.671 Executing VM operation: Cleanup
Event: 99.671 Executing VM operation: Cleanup done

Memory protections (0 events):
No events

Nmethod flushes (20 events):
Event: 19.670 Thread 0x00000212ffd08940 flushing  nmethod 0x00000212ec494910
Event: 19.670 Thread 0x00000212ffd08940 flushing  nmethod 0x00000212ec4fca90
Event: 19.670 Thread 0x00000212ffd08940 flushing  nmethod 0x00000212ec4fde10
Event: 19.670 Thread 0x00000212ffd08940 flushing  nmethod 0x00000212ec506b10
Event: 19.670 Thread 0x00000212ffd08940 flushing  nmethod 0x00000212f3730b90
Event: 19.670 Thread 0x00000212ffd08940 flushing  nmethod 0x00000212eb8bcc10
Event: 19.670 Thread 0x00000212ffd08940 flushing  nmethod 0x00000212ebf29b10
Event: 19.670 Thread 0x00000212ffd08940 flushing  nmethod 0x00000212ec360790
Event: 19.670 Thread 0x00000212ffd08940 flushing  nmethod 0x00000212ec361210
Event: 19.670 Thread 0x00000212ffd08940 flushing  nmethod 0x00000212ec3cae10
Event: 19.670 Thread 0x00000212ffd08940 flushing  nmethod 0x00000212ec3cb710
Event: 19.670 Thread 0x00000212ffd08940 flushing  nmethod 0x00000212f333fa10
Event: 19.670 Thread 0x00000212ffd08940 flushing  nmethod 0x00000212f36cf590
Event: 19.670 Thread 0x00000212ffd08940 flushing  nmethod 0x00000212ebc15590
Event: 19.670 Thread 0x00000212ffd08940 flushing  nmethod 0x00000212ebde1690
Event: 19.670 Thread 0x00000212ffd08940 flushing  nmethod 0x00000212ebde2a10
Event: 19.670 Thread 0x00000212ffd08940 flushing  nmethod 0x00000212ebde3d10
Event: 19.670 Thread 0x00000212ffd08940 flushing  nmethod 0x00000212ebf27810
Event: 19.670 Thread 0x00000212ffd08940 flushing  nmethod 0x00000212ec031e90
Event: 19.670 Thread 0x00000212ffd08940 flushing  nmethod 0x00000212ec032210

Events (20 events):
Event: 20.144 Thread 0x00000212c68b3220 Thread added: 0x00000212c6aa3240
Event: 20.357 Thread 0x00000212c68b3220 Thread added: 0x00000212c6aa38d0
Event: 20.357 Thread 0x00000212c68b3220 Thread added: 0x00000212c6aa3f60
Event: 20.358 Thread 0x00000212c68b3220 Thread added: 0x00000212c6aa45f0
Event: 20.358 Thread 0x00000212c68b3220 Thread added: 0x00000212c6aa4c80
Event: 20.358 Thread 0x00000212c68b3220 Thread added: 0x00000212c6aa1e90
Event: 20.359 Thread 0x00000212c68b3220 Thread added: 0x00000212c6aa2bb0
Event: 20.359 Thread 0x00000212c68b3220 Thread added: 0x00000212c6aa5310
Event: 20.359 Thread 0x00000212c68b3220 Thread added: 0x00000212c6aa59a0
Event: 20.359 Thread 0x00000212c68b3220 Thread added: 0x00000212c6aa2520
Event: 20.360 Thread 0x00000212c68b3220 Thread added: 0x00000212c6aa66c0
Event: 20.415 Thread 0x00000212c68b3220 Thread added: 0x00000212c6aa6030
Event: 20.419 Thread 0x00000212c68b3220 Thread added: 0x00000212c6aa73e0
Event: 20.483 Thread 0x00000212c68b3220 Thread added: 0x00000212c6aa6d50
Event: 20.528 Thread 0x00000212c68b3220 Thread exited: 0x00000212c68b3220
Event: 20.545 Thread 0x00000212c68b2bc0 Thread exited: 0x00000212c68b2bc0
Event: 20.546 Thread 0x00000212e6c60600 Thread exited: 0x00000212e6c60600
Event: 20.546 Thread 0x00000212c6aa8790 Thread added: 0x00000212c6aa8790
Event: 21.245 Thread 0x00000212809c68b0 Thread exited: 0x00000212809c68b0
Event: 21.245 Thread 0x00000212809c5b10 Thread exited: 0x00000212809c5b10


Dynamic libraries:
0x00007ff701ca0000 - 0x00007ff701cae000 	C:\Users\leyot\.vscode\extensions\redhat.java-1.40.0-win32-x64\jre\21.0.6-win32-x86_64\bin\java.exe
0x00007ffda2ea0000 - 0x00007ffda3103000 	C:\WINDOWS\SYSTEM32\ntdll.dll
0x00007ffda2790000 - 0x00007ffda2857000 	C:\WINDOWS\System32\KERNEL32.DLL
0x00007ffda0770000 - 0x00007ffda0b39000 	C:\WINDOWS\System32\KERNELBASE.dll
0x00007ffda02f0000 - 0x00007ffda043c000 	C:\WINDOWS\System32\ucrtbase.dll
0x00007ffd50af0000 - 0x00007ffd50b08000 	C:\Users\leyot\.vscode\extensions\redhat.java-1.40.0-win32-x64\jre\21.0.6-win32-x86_64\bin\jli.dll
0x00007ffcd0180000 - 0x00007ffcd019e000 	C:\Users\leyot\.vscode\extensions\redhat.java-1.40.0-win32-x64\jre\21.0.6-win32-x86_64\bin\VCRUNTIME140.dll
0x00007ffda2450000 - 0x00007ffda261a000 	C:\WINDOWS\System32\USER32.dll
0x00007ffda0150000 - 0x00007ffda0177000 	C:\WINDOWS\System32\win32u.dll
0x00007ffd88cc0000 - 0x00007ffd88f50000 	C:\WINDOWS\WinSxS\amd64_microsoft.windows.common-controls_6595b64144ccf1df_6.0.26100.3323_none_3e088096e3344490\COMCTL32.dll
0x00007ffda2420000 - 0x00007ffda244a000 	C:\WINDOWS\System32\GDI32.dll
0x00007ffda2230000 - 0x00007ffda22d9000 	C:\WINDOWS\System32\msvcrt.dll
0x00007ffda0440000 - 0x00007ffda0571000 	C:\WINDOWS\System32\gdi32full.dll
0x00007ffda00a0000 - 0x00007ffda0143000 	C:\WINDOWS\System32\msvcp_win.dll
0x00007ffda17e0000 - 0x00007ffda180f000 	C:\WINDOWS\System32\IMM32.DLL
0x00007ffd7fef0000 - 0x00007ffd7fefc000 	C:\Users\leyot\.vscode\extensions\redhat.java-1.40.0-win32-x64\jre\21.0.6-win32-x86_64\bin\vcruntime140_1.dll
0x00007ffcb5d90000 - 0x00007ffcb5e1d000 	C:\Users\leyot\.vscode\extensions\redhat.java-1.40.0-win32-x64\jre\21.0.6-win32-x86_64\bin\msvcp140.dll
0x00007ffca4ee0000 - 0x00007ffca5c70000 	C:\Users\leyot\.vscode\extensions\redhat.java-1.40.0-win32-x64\jre\21.0.6-win32-x86_64\bin\server\jvm.dll
0x00007ffda2960000 - 0x00007ffda2a12000 	C:\WINDOWS\System32\ADVAPI32.dll
0x00007ffda15f0000 - 0x00007ffda1696000 	C:\WINDOWS\System32\sechost.dll
0x00007ffda16a0000 - 0x00007ffda17b6000 	C:\WINDOWS\System32\RPCRT4.dll
0x00007ffda1a40000 - 0x00007ffda1ab4000 	C:\WINDOWS\System32\WS2_32.dll
0x00007ffd9ff30000 - 0x00007ffd9ff7e000 	C:\WINDOWS\SYSTEM32\POWRPROF.dll
0x00007ffd94250000 - 0x00007ffd94286000 	C:\WINDOWS\SYSTEM32\WINMM.dll
0x00007ffd99320000 - 0x00007ffd9932b000 	C:\WINDOWS\SYSTEM32\VERSION.dll
0x00007ffd9ff10000 - 0x00007ffd9ff24000 	C:\WINDOWS\SYSTEM32\UMPDC.dll
0x00007ffd9eec0000 - 0x00007ffd9eeda000 	C:\WINDOWS\SYSTEM32\kernel.appcore.dll
0x00007ffd79850000 - 0x00007ffd7985a000 	C:\Users\leyot\.vscode\extensions\redhat.java-1.40.0-win32-x64\jre\21.0.6-win32-x86_64\bin\jimage.dll
0x00007ffd920f0000 - 0x00007ffd92331000 	C:\WINDOWS\SYSTEM32\DBGHELP.DLL
0x00007ffda2ad0000 - 0x00007ffda2e52000 	C:\WINDOWS\System32\combase.dll
0x00007ffda0cc0000 - 0x00007ffda0d96000 	C:\WINDOWS\System32\OLEAUT32.dll
0x00007ffd84330000 - 0x00007ffd84369000 	C:\WINDOWS\SYSTEM32\dbgcore.DLL
0x00007ffda06d0000 - 0x00007ffda0769000 	C:\WINDOWS\System32\bcryptPrimitives.dll
0x00007ffcb6ae0000 - 0x00007ffcb6aff000 	C:\Users\leyot\.vscode\extensions\redhat.java-1.40.0-win32-x64\jre\21.0.6-win32-x86_64\bin\java.dll
0x00007ffda1ac0000 - 0x00007ffda21d5000 	C:\WINDOWS\System32\SHELL32.dll
0x00007ffda0180000 - 0x00007ffda02e8000 	C:\WINDOWS\System32\wintypes.dll
0x00007ffd9dd50000 - 0x00007ffd9e595000 	C:\WINDOWS\SYSTEM32\windows.storage.dll
0x00007ffda2690000 - 0x00007ffda277b000 	C:\WINDOWS\System32\SHCORE.dll
0x00007ffda2620000 - 0x00007ffda267d000 	C:\WINDOWS\System32\shlwapi.dll
0x00007ffd9ffb0000 - 0x00007ffd9ffdf000 	C:\WINDOWS\SYSTEM32\profapi.dll
0x00007ffcb6040000 - 0x00007ffcb6058000 	C:\Users\leyot\.vscode\extensions\redhat.java-1.40.0-win32-x64\jre\21.0.6-win32-x86_64\bin\zip.dll
0x00007ffd52410000 - 0x00007ffd52420000 	C:\Users\leyot\.vscode\extensions\redhat.java-1.40.0-win32-x64\jre\21.0.6-win32-x86_64\bin\net.dll
0x00007ffd99ef0000 - 0x00007ffd9a00e000 	C:\WINDOWS\SYSTEM32\WINHTTP.dll
0x00007ffd9f3e0000 - 0x00007ffd9f44a000 	C:\WINDOWS\system32\mswsock.dll
0x00007ffcb5d20000 - 0x00007ffcb5d36000 	C:\Users\leyot\.vscode\extensions\redhat.java-1.40.0-win32-x64\jre\21.0.6-win32-x86_64\bin\nio.dll
0x00007ffd79860000 - 0x00007ffd7986a000 	C:\Users\leyot\.vscode\extensions\redhat.java-1.40.0-win32-x64\jre\21.0.6-win32-x86_64\bin\management.dll
0x00007ffd52020000 - 0x00007ffd5202b000 	C:\Users\leyot\.vscode\extensions\redhat.java-1.40.0-win32-x64\jre\21.0.6-win32-x86_64\bin\management_ext.dll
0x00007ffda17c0000 - 0x00007ffda17c8000 	C:\WINDOWS\System32\PSAPI.DLL
0x00007ffd7e530000 - 0x00007ffd7e548000 	C:\WINDOWS\system32\napinsp.dll
0x00007ffd9e950000 - 0x00007ffd9ea75000 	C:\WINDOWS\SYSTEM32\DNSAPI.dll
0x00007ffd9e8c0000 - 0x00007ffd9e8f3000 	C:\WINDOWS\SYSTEM32\IPHLPAPI.DLL
0x00007ffda17d0000 - 0x00007ffda17da000 	C:\WINDOWS\System32\NSI.dll
0x00007ffd7ccf0000 - 0x00007ffd7cd02000 	C:\WINDOWS\System32\winrnr.dll
0x00007ffd7cb00000 - 0x00007ffd7cb22000 	C:\WINDOWS\system32\nlansp_c.dll
0x00007ffd7ca80000 - 0x00007ffd7ca96000 	C:\WINDOWS\system32\wshbth.dll
0x00007ffd993c0000 - 0x00007ffd993cb000 	C:\Windows\System32\rasadhlp.dll
0x00007ffd9a6b0000 - 0x00007ffd9a735000 	C:\WINDOWS\System32\fwpuclnt.dll
0x00007ffd9f680000 - 0x00007ffd9f69c000 	C:\WINDOWS\SYSTEM32\CRYPTSP.dll
0x00007ffd9ee20000 - 0x00007ffd9ee5a000 	C:\WINDOWS\system32\rsaenh.dll
0x00007ffd9f480000 - 0x00007ffd9f4ab000 	C:\WINDOWS\SYSTEM32\USERENV.dll
0x00007ffd9f8c0000 - 0x00007ffd9f8e6000 	C:\WINDOWS\SYSTEM32\bcrypt.dll
0x00007ffd9f6a0000 - 0x00007ffd9f6ac000 	C:\WINDOWS\SYSTEM32\CRYPTBASE.dll
0x00007ffd48d90000 - 0x00007ffd48d99000 	C:\Users\leyot\.vscode\extensions\redhat.java-1.40.0-win32-x64\jre\21.0.6-win32-x86_64\bin\extnet.dll
0x00007ffd4e300000 - 0x00007ffd4e30e000 	C:\Users\leyot\.vscode\extensions\redhat.java-1.40.0-win32-x64\jre\21.0.6-win32-x86_64\bin\sunmscapi.dll
0x00007ffda0b40000 - 0x00007ffda0cb7000 	C:\WINDOWS\System32\CRYPT32.dll
0x00007ffd9f880000 - 0x00007ffd9f8b0000 	C:\WINDOWS\SYSTEM32\ncrypt.dll
0x00007ffd9f830000 - 0x00007ffd9f86f000 	C:\WINDOWS\SYSTEM32\NTASN1.dll
0x00007ffd4eb40000 - 0x00007ffd4eb50000 	C:\Users\leyot\.vscode\extensions\redhat.java-1.40.0-win32-x64\jre\21.0.6-win32-x86_64\bin\verify.dll
0x00007ffd71a30000 - 0x00007ffd71a38000 	C:\WINDOWS\system32\wshunix.dll

dbghelp: loaded successfully - version: 4.0.5 - missing functions: none
symbol engine: initialized successfully - sym options: 0x614 - pdb path: .;C:\Users\leyot\.vscode\extensions\redhat.java-1.40.0-win32-x64\jre\21.0.6-win32-x86_64\bin;C:\WINDOWS\SYSTEM32;C:\WINDOWS\WinSxS\amd64_microsoft.windows.common-controls_6595b64144ccf1df_6.0.26100.3323_none_3e088096e3344490;C:\Users\leyot\.vscode\extensions\redhat.java-1.40.0-win32-x64\jre\21.0.6-win32-x86_64\bin\server

VM Arguments:
jvm_args: -Dcom.sun.management.jmxremote -Dcom.sun.management.jmxremote.port=55943 -Dcom.sun.management.jmxremote.authenticate=false -Dcom.sun.management.jmxremote.ssl=false -Dspring.jmx.enabled=true -Djava.rmi.server.hostname=localhost -Dspring.application.admin.enabled=true -Dspring.boot.project.name=finer_back-end -XX:+ShowCodeDetailsInExceptionMessages -Dmanagement.endpoints.jmx.exposure.include=* 
java_command: mx.utng.finer_back_end.FinerBackEndApplication
java_class_path (initial): C:\Users\leyot\OneDrive\Desktop\elcoño\Finner-backend-Leo\target\classes;C:\Users\leyot\.m2\repository\org\springframework\boot\spring-boot-starter-actuator\3.3.9\spring-boot-starter-actuator-3.3.9.jar;C:\Users\leyot\.m2\repository\org\springframework\boot\spring-boot-starter\3.3.9\spring-boot-starter-3.3.9.jar;C:\Users\leyot\.m2\repository\org\springframework\boot\spring-boot-starter-logging\3.3.9\spring-boot-starter-logging-3.3.9.jar;C:\Users\leyot\.m2\repository\ch\qos\logback\logback-classic\1.5.16\logback-classic-1.5.16.jar;C:\Users\leyot\.m2\repository\ch\qos\logback\logback-core\1.5.16\logback-core-1.5.16.jar;C:\Users\leyot\.m2\repository\org\apache\logging\log4j\log4j-to-slf4j\2.23.1\log4j-to-slf4j-2.23.1.jar;C:\Users\leyot\.m2\repository\org\apache\logging\log4j\log4j-api\2.23.1\log4j-api-2.23.1.jar;C:\Users\leyot\.m2\repository\org\slf4j\jul-to-slf4j\2.0.16\jul-to-slf4j-2.0.16.jar;C:\Users\leyot\.m2\repository\jakarta\annotation\jakarta.annotation-api\2.1.1\jakarta.annotation-api-2.1.1.jar;C:\Users\leyot\.m2\repository\org\yaml\snakeyaml\2.2\snakeyaml-2.2.jar;C:\Users\leyot\.m2\repository\org\springframework\boot\spring-boot-actuator-autoconfigure\3.3.9\spring-boot-actuator-autoconfigure-3.3.9.jar;C:\Users\leyot\.m2\repository\org\springframework\boot\spring-boot-actuator\3.3.9\spring-boot-actuator-3.3.9.jar;C:\Users\leyot\.m2\repository\com\fasterxml\jackson\core\jackson-databind\2.17.3\jackson-databind-2.17.3.jar;C:\Users\leyot\.m2\repository\com\fasterxml\jackson\core\jackson-core\2.17.3\jackson-core-2.17.3.jar;C:\Users\leyot\.m2\repository\com\fasterxml\jackson\datatype\jackson-datatype-jsr310\2.17.3\jackson-datatype-jsr310-2.17.3.jar;C:\Users\leyot\.m2\repository\io\micrometer\micrometer-observation\1.13.11\micrometer-observation-1.13.11.jar;C:\Users\leyot\.m2\repository\io\micrometer\micrometer-commons\1.13.11\micrometer-commons-1.13.11.jar;C:\Users\leyot\.m2\repository\io\micrometer\micrometer-jakarta9\1.13.11\micrometer-jakarta9-1.13.11.jar;C:\Users\leyot\.m2\repository\io\micrometer\micrometer-core\1.13.11\micrometer-core-1.13.11.jar;C:\Users\leyot\.m2\repository\org\hdrhistogram\HdrHistogram\2.2.2\HdrHistogram-2.2.2.jar;C:\Users\leyot\.m2\repository\org\latencyutils\LatencyUtils\2.0.3\LatencyUtils-2.0.3.jar;C:\Users\leyot\.m2\repository\com\itextpdf\barcodes\7.2.4\barcodes-7.2.4.jar;C:\Users\leyot\.m2\repository\com\itextpdf\font-asian\7.2.4\font-asian-7.2.4.jar;C:\Users\leyot\.m2\repository\com\itextpdf\forms\7.2.4\forms-7.2.4.jar;C:\Users\leyot\.m2\repository\com\itextpdf\hyph\7.2.4\hyph-7.2.4.jar;C:\Users\leyot\.m2\repository\com\itextpdf\io\7.2.4\io-7.2.4.jar;C:\Users\leyot\.m2\repository\com\itextpdf\commons\7.2.4\commons-7.2.4.jar;C:\Users\leyot\.m2\repository\com\itextpdf\pdfa\7.2.4\pdfa-7.2.4.jar;C:\Users\leyot\.m2\repository\com\itextpdf\sign\7.2.4\sign-7.2.4.jar;C:\Users\leyot\.m2\repository\com\itextpdf\styled-xml-parser\7.2.4\styled-xml-parser-7.2.4.jar;C:\Users\leyot\.m2\repository\com\itextpdf\svg\7.2.4\svg-7.2.4.jar;C:\Users\leyot\.m2\repository\com\itextpdf\layout\7.2.4\layout-7.2.4.jar;C:\Users\leyot\.m2\repository\org\slf4j\slf4j-api\2.0.16\slf4j-api-2.0.16.jar;C:\Users\leyot\.m2\repository\com\itextpdf\kernel\7.2.4\kernel-7.2.4.jar;C:\Users\leyot\.m2\repository\org\bouncycastle\bcpkix-jdk15on\1.70\bcpkix-jdk15on-1.70.jar;C:\Users\leyot\.m2\repository\org\bouncycastle\bcutil-jdk15on\1.70\bcutil-jdk15on-1.70.jar;C:\Users\leyot\.m2\repository\org\bouncycastle\bcprov-jdk15on\1.70\bcprov-jdk15on-1.70.jar;C:\Users\leyot\.m2\repository\org\springframework\boot\spring-boot-starter-data-jpa\3.3.9\spring-boot-starter-data-jpa-3.3.9.jar;C:\Users\leyot\.m2\repository\org\springframework\boot\spring-boot-starter-aop\3.3.9\spring-boot-starter-aop-3.3.9.jar;C:\Users\leyot\.m2\repository\org\springframework\spring-aop\6.1.17\spring-aop-6.1.17.jar;C:\Users\leyot\.m2\repository\org\aspectj\aspectjweaver\1.9.22.1\aspectjweaver-1.9.22.1.jar;C:\Users\leyot\.m2\repository\org\springframework\boot\spring-boot-starter-jdbc\3.3.9\spring-boot-starter-jdbc-3.3.9.jar;C:\Users\leyot\.m2\repository\com\zaxxer\HikariCP\5.1.0\HikariCP-5.1.0.jar;C:\Users\leyot\.m2\repository\org\springframework\spring-jdbc\6.1.17\spring-jdbc-6.1.17.jar;C:\Users\leyot\.m2\repository\org\hibernate\orm\hibernate-core\6.5.3.Final\hibernate-core-6.5.3.Final.jar;C:\Users\leyot\.m2\repository\jakarta\persistence\jakarta.persistence-api\3.1.0\jakarta.persistence-api-3.1.0.jar;C:\Users\leyot\.m2\repository\jakarta\transaction\jakarta.transaction-api\2.0.1\jakarta.transaction-api-2.0.1.jar;C:\Users\leyot\.m2\repository\org\jboss\logging\jboss-logging\3.5.3.Final\jboss-logging-3.5.3.Final.jar;C:\Users\leyot\.m2\repository\org\hibernate\common\hibernate-commons-annotations\6.0.6.Final\hibernate-commons-annotations-6.0.6.Final.jar;C:\Users\leyot\.m2\repository\io\smallrye\jandex\3.1.2\jandex-3.1.2.jar;C:\Users\leyot\.m2\repository\com\fasterxml\classmate\1.7.0\classmate-1.7.0.jar;C:\Users\leyot\.m2\repository\net\bytebuddy\byte-buddy\1.14.19\byte-buddy-1.14.19.jar;C:\Users\leyot\.m2\repository\org\glassfish\jaxb\jaxb-runtime\4.0.5\jaxb-runtime-4.0.5.jar;C:\Users\leyot\.m2\repository\org\glassfish\jaxb\jaxb-core\4.0.5\jaxb-core-4.0.5.jar;C:\Users\leyot\.m2\repository\org\glassfish\jaxb\txw2\4.0.5\txw2-4.0.5.jar;C:\Users\leyot\.m2\repository\com\sun\istack\istack-commons-runtime\4.1.2\istack-commons-runtime-4.1.2.jar;C:\Users\leyot\.m2\repository\jakarta\inject\jakarta.inject-api\2.0.1\jakarta.inject-api-2.0.1.jar;C:\Users\leyot\.m2\repository\org\antlr\antlr4-runtime\4.13.0\antlr4-runtime-4.13.0.jar;C:\Users\leyot\.m2\repository\org\springframework\data\spring-data-jpa\3.3.9\spring-data-jpa-3.3.9.jar;C:\Users\leyot\.m2\repository\org\springframework\data\spring-data-commons\3.3.9\spring-data-commons-3.3.9.jar;C:\Users\leyot\.m2\repository\org\springframework\spring-orm\6.1.17\spring-orm-6.1.17.jar;C:\Users\leyot\.m2\repository\org\springframework\spring-context\6.1.17\spring-context-6.1.17.jar;C:\Users\leyot\.m2\repository\org\springframework\spring-tx\6.1.17\spring-tx-6.1.17.jar;C:\Users\leyot\.m2\repository\org\springframework\spring-beans\6.1.17\spring-beans-6.1.17.jar;C:\Users\leyot\.m2\repository\org\springframework\spring-aspects\6.1.17\spring-aspects-6.1.17.jar;C:\Users\leyot\.m2\repository\org\springframework\boot\spring-boot-starter-data-rest\3.3.9\spring-boot-starter-data-rest-3.3.9.jar;C:\Users\leyot\.m2\repository\org\springframework\data\spring-data-rest-webmvc\4.3.9\spring-data-rest-webmvc-4.3.9.jar;C:\Users\leyot\.m2\repository\org\springframework\data\spring-data-rest-core\4.3.9\spring-data-rest-core-4.3.9.jar;C:\Users\leyot\.m2\repository\org\springframework\hateoas\spring-hateoas\2.3.4\spring-hateoas-2.3.4.jar;C:\Users\leyot\.m2\repository\org\springframework\plugin\spring-plugin-core\3.0.0\spring-plugin-core-3.0.0.jar;C:\Users\leyot\.m2\repository\org\atteo\evo-inflector\1.3\evo-inflector-1.3.jar;C:\Users\leyot\.m2\repository\com\fasterxml\jackson\core\jackson-annotations\2.17.3\jackson-annotations-2.17.3.jar;C:\Users\leyot\.m2\repository\org\springframework\boot\spring-boot-starter-validation\3.3.9\spring-boot-starter-validation-3.3.9.jar;C:\Users\leyot\.m2\repository\org\apache\tomcat\embed\tomcat-embed-el\10.1.36\tomcat-embed-el-10.1.36.jar;C:\Users\leyot\.m2\repository\org\hibernate\validator\hibernate-validator\8.0.2.Final\hibernate-validator-8.0.2.Final.jar;C:\Users\leyot\.m2\repository\jakarta\validation\jakarta.validation-api\3.0.2\jakarta.validation-api-3.0.2.jar;C:\Users\leyot\.m2\repository\org\springframework\boot\spring-boot-starter-web\3.3.9\spring-boot-starter-web-3.3.9.jar;C:\Users\leyot\.m2\repository\org\springframework\boot\spring-boot-starter-json\3.3.9\spring-boot-starter-json-3.3.9.jar;C:\Users\leyot\.m2\repository\com\fasterxml\jackson\datatype\jackson-datatype-jdk8\2.17.3\jackson-datatype-jdk8-2.17.3.jar;C:\Users\leyot\.m2\repository\com\fasterxml\jackson\module\jackson-module-parameter-names\2.17.3\jackson-module-parameter-names-2.17.3.jar;C:\Users\leyot\.m2\repository\org\springframework\boot\spring-boot-starter-tomcat\3.3.9\spring-boot-starter-tomcat-3.3.9.jar;C:\Users\leyot\.m2\repository\org\apache\tomcat\embed\tomcat-embed-core\10.1.36\tomcat-embed-core-10.1.36.jar;C:\Users\leyot\.m2\repository\org\apache\tomcat\embed\tomcat-embed-websocket\10.1.36\tomcat-embed-websocket-10.1.36.jar;C:\Users\leyot\.m2\repository\org\springframework\spring-web\6.1.17\spring-web-6.1.17.jar;C:\Users\leyot\.m2\repository\org\springframework\spring-webmvc\6.1.17\spring-webmvc-6.1.17.jar;C:\Users\leyot\.m2\repository\org\springframework\spring-expression\6.1.17\spring-expression-6.1.17.jar;C:\Users\leyot\.m2\repository\org\springframework\boot\spring-boot-starter-mail\3.3.9\spring-boot-starter-mail-3.3.9.jar;C:\Users\leyot\.m2\repository\org\springframework\spring-context-support\6.1.17\spring-context-support-6.1.17.jar;C:\Users\leyot\.m2\repository\org\eclipse\angus\jakarta.mail\2.0.3\jakarta.mail-2.0.3.jar;C:\Users\leyot\.m2\repository\jakarta\activation\jakarta.activation-api\2.1.3\jakarta.activation-api-2.1.3.jar;C:\Users\leyot\.m2\repository\org\eclipse\angus\angus-activation\2.0.2\angus-activation-2.0.2.jar;C:\Users\leyot\.m2\repository\org\springframework\boot\spring-boot-devtools\3.3.9\spring-boot-devtools-3.3.9.jar;C:\Users\leyot\.m2\repository\org\springframework\boot\spring-boot\3.3.9\spring-boot-3.3.9.jar;C:\Users\leyot\.m2\repository\org\springframework\boot\spring-boot-autoconfigure\3.3.9\spring-boot-autoconfigure-3.3.9.jar;C:\Users\leyot\.m2\repository\org\postgresql\postgresql\42.7.5\postgresql-42.7.5.jar;C:\Users\leyot\.m2\repository\org\checkerframework\checker-qual\3.48.3\checker-qual-3.48.3.jar;C:\Users\leyot\.m2\repository\com\jayway\jsonpath\json-path\2.9.0\json-path-2.9.0.jar;C:\Users\leyot\.m2\repository\jakarta\xml\bind\jakarta.xml.bind-api\4.0.2\jakarta.xml.bind-api-4.0.2.jar;C:\Users\leyot\.m2\repository\net\minidev\json-smart\2.5.2\json-smart-2.5.2.jar;C:\Users\leyot\.m2\repository\net\minidev\accessors-smart\2.5.2\accessors-smart-2.5.2.jar;C:\Users\leyot\.m2\repository\org\ow2\asm\asm\9.7.1\asm-9.7.1.jar;C:\Users\leyot\.m2\repository\org\springframework\spring-core\6.1.17\spring-core-6.1.17.jar;C:\Users\leyot\.m2\repository\org\springframework\spring-jcl\6.1.17\spring-jcl-6.1.17.jar;C:\Users\leyot\.m2\repository\org\projectlombok\lombok\1.18.30\lombok-1.18.30.jar
Launcher Type: SUN_STANDARD

[Global flags]
     intx CICompilerCount                          = 4                                         {product} {ergonomic}
     uint ConcGCThreads                            = 3                                         {product} {ergonomic}
     uint G1ConcRefinementThreads                  = 10                                        {product} {ergonomic}
   size_t G1HeapRegionSize                         = 1048576                                   {product} {ergonomic}
    uintx GCDrainStackTargetSize                   = 64                                        {product} {ergonomic}
   size_t InitialHeapSize                          = 123731968                                 {product} {ergonomic}
     bool ManagementServer                         = true                                      {product} {command line}
   size_t MarkStackSize                            = 4194304                                   {product} {ergonomic}
   size_t MaxHeapSize                              = 1967128576                                {product} {ergonomic}
   size_t MaxNewSize                               = 1179648000                                {product} {ergonomic}
   size_t MinHeapDeltaBytes                        = 1048576                                   {product} {ergonomic}
   size_t MinHeapSize                              = 8388608                                   {product} {ergonomic}
    uintx NonNMethodCodeHeapSize                   = 5839372                                {pd product} {ergonomic}
    uintx NonProfiledCodeHeapSize                  = 122909434                              {pd product} {ergonomic}
    uintx ProfiledCodeHeapSize                     = 122909434                              {pd product} {ergonomic}
    uintx ReservedCodeCacheSize                    = 251658240                              {pd product} {ergonomic}
     bool SegmentedCodeCache                       = true                                      {product} {ergonomic}
     bool ShowCodeDetailsInExceptionMessages       = true                                   {manageable} {command line}
   size_t SoftMaxHeapSize                          = 1967128576                             {manageable} {ergonomic}
     bool UseCompressedOops                        = true                           {product lp64_product} {ergonomic}
     bool UseG1GC                                  = true                                      {product} {ergonomic}
     bool UseLargePagesIndividualAllocation        = false                                  {pd product} {ergonomic}

Logging:
Log output configuration:
 #0: stdout all=warning uptime,level,tags foldmultilines=false
 #1: stderr all=off uptime,level,tags foldmultilines=false

Environment Variables:
JAVA_HOME=C:\Program Files\Java\jdk-22
PATH=C:\Program Files\Java\jdk-22\bin;C:\Program Files (x86)\Common Files\Oracle\Java\javapath;C:\Program Files\Common Files\Oracle\Java\javapath;C:\WINDOWS\system32;C:\WINDOWS;C:\WINDOWS\System32\Wbem;C:\WINDOWS\System32\WindowsPowerShell\v1.0\;C:\WINDOWS\System32\OpenSSH\;C:\Program Files (x86)\NVIDIA Corporation\PhysX\Common;C:\Program Files\NVIDIA Corporation\NVIDIA NvDLISR;C:\Program Files\dotnet\;C:\Program Files\nodejs\;C:\flutter\bin;C:\Program Files (x86)\Windows Kits\10\Windows Performance Toolkit\;C:\WINDOWS\system32\config\systemprofile\dev\flutter\bin;C:\Program Files\Git\cmd;C:\Users\leyot\OneDrive\Documents\apache-maven\apache-maven-3.9.9-bin\apache-maven-3.9.9\bin;C:\Program Files\Java\jdk-22\bin;C:\Program Files\Java\jdk-22;C:\Users\leyot\dev\flutter\bin;C:\Users\leyot\AppData\Local\Microsoft\WindowsApps;C:\Users\leyot\AppData\Roaming\npm;C:\sqlite;C:\Users\leyot\AppData\Local\Programs\Microsoft VS Code\bin;C:\Program Files\MongoDB\Server\8.0\bin;C:\Program Files\MongoDB\mongosh-2.3.8-win32-x64\bin;C:\Program Files\mosquitto;C:\Program Files\mosquitto;C:\Users\leyot\OneDrive\Documents\apache-maven\apache-maven-3.9.9-bin\apache-maven-3.9.9\bin;C:\Program Files\PostgreSQL\15\bin;
USERNAME=leyot
LANG=en_US.UTF-8
OS=Windows_NT
PROCESSOR_IDENTIFIER=AMD64 Family 25 Model 68 Stepping 1, AuthenticAMD
TMP=C:\Users\leyot\AppData\Local\Temp
TEMP=C:\Users\leyot\AppData\Local\Temp




Periodic native trim disabled

---------------  S Y S T E M  ---------------

OS:
 Windows 11 , 64 bit Build 26100 (10.0.26100.3323)
OS uptime: 0 days 2:23 hours
Hyper-V role detected

CPU: total 12 (initial active 12) (12 cores per cpu, 2 threads per core) family 25 model 68 stepping 1 microcode 0xa404107, cx8, cmov, fxsr, ht, mmx, 3dnowpref, sse, sse2, sse3, ssse3, sse4a, sse4.1, sse4.2, popcnt, lzcnt, tsc, tscinvbit, avx, avx2, aes, erms, clmul, bmi1, bmi2, adx, sha, fma, vzeroupper, clflush, clflushopt, hv, rdtscp, rdpid, fsrm, f16c, cet_ss
Processor Information for the first 12 processors :
  Max Mhz: 3301, Current Mhz: 3301, Mhz Limit: 3301

Memory: 4k page, system-wide physical 7498M (407M free)
TotalPageFile size 30026M (AvailPageFile size 25M)
current process WorkingSet (physical memory assigned to process): 110M, peak: 352M
current process commit charge ("private bytes"): 369M, peak: 404M

vm_info: OpenJDK 64-Bit Server VM (21.0.6+7-LTS) for windows-amd64 JRE (21.0.6+7-LTS), built on 2025-01-21T00:00:00Z by "admin" with MS VC++ 17.7 (VS2022)

END.
